1558946831175	mozrunner::runner	INFO	Running command: "/usr/bin/firefox" "-marionette" "-foreground" "-no-remote" "-profile" "/tmp/rust_mozprofile.Os4jOAmdKwhF"
1558946832451	addons.webextension.screenshots@mozilla.org	WARN	Loading extension 'screenshots@mozilla.org': Reading manifest: Invalid extension permission: mozillaAddons
1558946832452	addons.webextension.screenshots@mozilla.org	WARN	Loading extension 'screenshots@mozilla.org': Reading manifest: Invalid extension permission: resource://pdf.js/
1558946832452	addons.webextension.screenshots@mozilla.org	WARN	Loading extension 'screenshots@mozilla.org': Reading manifest: Invalid extension permission: about:reader*
1558946836468	Marionette	INFO	Listening on port 46723
1558946836499	Marionette	WARN	TLS certificate errors will be ignored for this session
[Parent 8282, Gecko_IOThread] WARNING: pipe error (78): Connection reset by peer: file /build/firefox-kqTGhi/firefox-66.0.5+build1/ipc/chromium/src/chrome/common/ipc_channel_posix.cc, line 357
[Parent 8282, Gecko_IOThread] WARNING: pipe error (86): Connection reset by peer: file /build/firefox-kqTGhi/firefox-66.0.5+build1/ipc/chromium/src/chrome/common/ipc_channel_posix.cc, line 357
1558946876880	Marionette	INFO	Stopped listening on port 46723
1558946960371	mozrunner::runner	INFO	Running command: "/usr/bin/firefox" "-marionette" "-foreground" "-no-remote" "-profile" "/tmp/rust_mozprofile.RvVOXUqENO7J"
1558946960831	addons.webextension.screenshots@mozilla.org	WARN	Loading extension 'screenshots@mozilla.org': Reading manifest: Invalid extension permission: mozillaAddons
1558946960832	addons.webextension.screenshots@mozilla.org	WARN	Loading extension 'screenshots@mozilla.org': Reading manifest: Invalid extension permission: resource://pdf.js/
1558946960832	addons.webextension.screenshots@mozilla.org	WARN	Loading extension 'screenshots@mozilla.org': Reading manifest: Invalid extension permission: about:reader*
1558946963614	Marionette	INFO	Listening on port 45413
1558946963735	Marionette	WARN	TLS certificate errors will be ignored for this session
console.error: BroadcastService: 
  receivedBroadcastMessage: handler for
  remote-settings/monitor_changes
  threw error:
  Message: Error: Polling for changes failed: NetworkError when attempting to fetch resource..
  Stack:
    remoteSettingsFunction/remoteSettings.pollChanges@resource://services-settings/remote-settings.js:190:13

1558949800747	mozrunner::runner	INFO	Running command: "/usr/bin/firefox" "-marionette" "-foreground" "-no-remote" "-profile" "/tmp/rust_mozprofile.AdmMXQ2soveS"
1558949801220	addons.webextension.screenshots@mozilla.org	WARN	Loading extension 'screenshots@mozilla.org': Reading manifest: Invalid extension permission: mozillaAddons
1558949801220	addons.webextension.screenshots@mozilla.org	WARN	Loading extension 'screenshots@mozilla.org': Reading manifest: Invalid extension permission: resource://pdf.js/
1558949801221	addons.webextension.screenshots@mozilla.org	WARN	Loading extension 'screenshots@mozilla.org': Reading manifest: Invalid extension permission: about:reader*
1558949804145	Marionette	INFO	Listening on port 46781
1558949804179	Marionette	WARN	TLS certificate errors will be ignored for this session
IPDL protocol error: Handler returned error code!

###!!! [Parent][DispatchAsyncMessage] Error: PLayerTransaction::Msg_ReleaseLayer Processing error: message was deserialized, but the handler returned false (indicating failure)

IPDL protocol error: Handler returned error code!

###!!! [Parent][DispatchAsyncMessage] Error: PLayerTransaction::Msg_ReleaseLayer Processing error: message was deserialized, but the handler returned false (indicating failure)

[Parent 8655, Gecko_IOThread] WARNING: pipe error (78): Connection reset by peer: file /build/firefox-kqTGhi/firefox-66.0.5+build1/ipc/chromium/src/chrome/common/ipc_channel_posix.cc, line 357
[Parent 8655, Gecko_IOThread] WARNING: pipe error (84): Connection reset by peer: file /build/firefox-kqTGhi/firefox-66.0.5+build1/ipc/chromium/src/chrome/common/ipc_channel_posix.cc, line 357
1558949825074	Marionette	INFO	Stopped listening on port 45413
console.error: BroadcastService: 
  receivedBroadcastMessage: handler for
  remote-settings/monitor_changes
  threw error:
  Message: Error: Polling for changes failed: NetworkError when attempting to fetch resource..
  Stack:
    remoteSettingsFunction/remoteSettings.pollChanges@resource://services-settings/remote-settings.js:190:13

[Parent 11501, Gecko_IOThread] WARNING: pipe error: Broken pipe: file /build/firefox-kqTGhi/firefox-66.0.5+build1/ipc/chromium/src/chrome/common/ipc_channel_posix.cc, line 726
JavaScript error: http://ap.lijit.com/www/delivery/fpi.js?z=205953&u=onemightyroar&width=300&height=250, line 2: TypeError: this.log is not a function
JavaScript error: http://s3.buysellads.com/ac/pro.js, line 1: TypeError: url is undefined
JavaScript error: http://ap.lijit.com/sync, line 2: SecurityError: Permission denied to access property "sovrn" on cross-origin object
JavaScript error: http://ap.lijit.com/sync, line 2: SecurityError: Permission denied to access property "sovrn" on cross-origin object
JavaScript error: http://ap.lijit.com/sync, line 2: SecurityError: Permission denied to access property "sovrn" on cross-origin object
JavaScript error: resource://gre/modules/WebProgressChild.jsm, line 61: TypeError: this.mm.content is null
[Parent 11501, Gecko_IOThread] WARNING: pipe error (156): Connection reset by peer: file /build/firefox-kqTGhi/firefox-66.0.5+build1/ipc/chromium/src/chrome/common/ipc_channel_posix.cc, line 357
console.error: BroadcastService: 
  receivedBroadcastMessage: handler for
  remote-settings/monitor_changes
  threw error:
  Message: Error: Polling for changes failed: NetworkError when attempting to fetch resource..
  Stack:
    remoteSettingsFunction/remoteSettings.pollChanges@resource://services-settings/remote-settings.js:190:13

Exiting due to channel error.
Exiting due to channel error.
Exiting due to channel error.
1559197172458	mozrunner::runner	INFO	Running command: "/usr/bin/firefox" "-marionette" "-foreground" "-no-remote" "-profile" "/tmp/rust_mozprofile.jtym7IZ1VKAo"
1559197173576	addons.webextension.screenshots@mozilla.org	WARN	Loading extension 'screenshots@mozilla.org': Reading manifest: Invalid extension permission: mozillaAddons
1559197173577	addons.webextension.screenshots@mozilla.org	WARN	Loading extension 'screenshots@mozilla.org': Reading manifest: Invalid extension permission: resource://pdf.js/
1559197173577	addons.webextension.screenshots@mozilla.org	WARN	Loading extension 'screenshots@mozilla.org': Reading manifest: Invalid extension permission: about:reader*
1559197177281	Marionette	INFO	Listening on port 44535
1559197177387	Marionette	WARN	TLS certificate errors will be ignored for this session
JavaScript error: resource:///actors/OfflineAppsChild.jsm, line 30: TypeError: manifestURI is null
JavaScript warning: resource://devtools/client/shared/demangle.js, line 0: Successfully compiled asm.js code (total compilation time 116ms)
JavaScript error: resource:///actors/OfflineAppsChild.jsm, line 30: TypeError: manifestURI is null
1559197913326	mozrunner::runner	INFO	Running command: "/usr/bin/firefox" "-marionette" "-headless" "-foreground" "-no-remote" "-profile" "/tmp/rust_mozprofile.h0GvqV2dLY4F"
*** You are running in headless mode.
1559197913709	addons.webextension.screenshots@mozilla.org	WARN	Loading extension 'screenshots@mozilla.org': Reading manifest: Invalid extension permission: mozillaAddons
1559197913709	addons.webextension.screenshots@mozilla.org	WARN	Loading extension 'screenshots@mozilla.org': Reading manifest: Invalid extension permission: resource://pdf.js/
1559197913709	addons.webextension.screenshots@mozilla.org	WARN	Loading extension 'screenshots@mozilla.org': Reading manifest: Invalid extension permission: about:reader*
1559197916715	Marionette	INFO	Listening on port 41589
1559197916740	Marionette	WARN	TLS certificate errors will be ignored for this session
[Parent 7584, Gecko_IOThread] WARNING: pipe error (105): Connection reset by peer: file /build/firefox-kqTGhi/firefox-66.0.5+build1/ipc/chromium/src/chrome/common/ipc_channel_posix.cc, line 357
[Parent 7584, Gecko_IOThread] WARNING: pipe error (78): Connection reset by peer: file /build/firefox-kqTGhi/firefox-66.0.5+build1/ipc/chromium/src/chrome/common/ipc_channel_posix.cc, line 357
JavaScript error: resource:///actors/OfflineAppsChild.jsm, line 30: TypeError: manifestURI is null
1559197920387	Marionette	INFO	Stopped listening on port 44535
1559197933995	mozrunner::runner	INFO	Running command: "/usr/bin/firefox" "-marionette" "-headless" "-foreground" "-no-remote" "-profile" "/tmp/rust_mozprofile.qN1dmZtsfa2w"
*** You are running in headless mode.
1559197934359	addons.webextension.screenshots@mozilla.org	WARN	Loading extension 'screenshots@mozilla.org': Reading manifest: Invalid extension permission: mozillaAddons
1559197934360	addons.webextension.screenshots@mozilla.org	WARN	Loading extension 'screenshots@mozilla.org': Reading manifest: Invalid extension permission: resource://pdf.js/
1559197934360	addons.webextension.screenshots@mozilla.org	WARN	Loading extension 'screenshots@mozilla.org': Reading manifest: Invalid extension permission: about:reader*
1559197937421	Marionette	INFO	Listening on port 41551
1559197937515	Marionette	WARN	TLS certificate errors will be ignored for this session
console.error: BroadcastService: 
  receivedBroadcastMessage: handler for
  remote-settings/monitor_changes
  threw error:
  Message: Error: Polling for changes failed: NetworkError when attempting to fetch resource..
  Stack:
    remoteSettingsFunction/remoteSettings.pollChanges@resource://services-settings/remote-settings.js:190:13

JavaScript error: resource:///actors/OfflineAppsChild.jsm, line 30: TypeError: manifestURI is null
console.error: BroadcastService: 
  receivedBroadcastMessage: handler for
  remote-settings/monitor_changes
  threw error:
  Message: Error: Polling for changes failed: NetworkError when attempting to fetch resource..
  Stack:
    remoteSettingsFunction/remoteSettings.pollChanges@resource://services-settings/remote-settings.js:190:13

1559198430003	mozrunner::runner	INFO	Running command: "/usr/bin/firefox" "-marionette" "-foreground" "-no-remote" "-profile" "/tmp/rust_mozprofile.E2aWru2mZwnS"
1559198430488	addons.webextension.screenshots@mozilla.org	WARN	Loading extension 'screenshots@mozilla.org': Reading manifest: Invalid extension permission: mozillaAddons
1559198430488	addons.webextension.screenshots@mozilla.org	WARN	Loading extension 'screenshots@mozilla.org': Reading manifest: Invalid extension permission: resource://pdf.js/
1559198430489	addons.webextension.screenshots@mozilla.org	WARN	Loading extension 'screenshots@mozilla.org': Reading manifest: Invalid extension permission: about:reader*
1559198433620	Marionette	INFO	Listening on port 46607
1559198433632	Marionette	WARN	TLS certificate errors will be ignored for this session
JavaScript error: resource:///actors/OfflineAppsChild.jsm, line 30: TypeError: manifestURI is null
[Parent 14323, Gecko_IOThread] WARNING: pipe error (78): Connection reset by peer: file /build/firefox-kqTGhi/firefox-66.0.5+build1/ipc/chromium/src/chrome/common/ipc_channel_posix.cc, line 357
[Parent 14323, Gecko_IOThread] WARNING: pipe error (97): Connection reset by peer: file /build/firefox-kqTGhi/firefox-66.0.5+build1/ipc/chromium/src/chrome/common/ipc_channel_posix.cc, line 357
1559198468443	Marionette	INFO	Stopped listening on port 46607
1559198521926	mozrunner::runner	INFO	Running command: "/usr/bin/firefox" "-marionette" "-headless" "-foreground" "-no-remote" "-profile" "/tmp/rust_mozprofile.WjZL8BRybbP7"
*** You are running in headless mode.
1559198522334	addons.webextension.screenshots@mozilla.org	WARN	Loading extension 'screenshots@mozilla.org': Reading manifest: Invalid extension permission: mozillaAddons
1559198522334	addons.webextension.screenshots@mozilla.org	WARN	Loading extension 'screenshots@mozilla.org': Reading manifest: Invalid extension permission: resource://pdf.js/
1559198522334	addons.webextension.screenshots@mozilla.org	WARN	Loading extension 'screenshots@mozilla.org': Reading manifest: Invalid extension permission: about:reader*
1559198525178	Marionette	INFO	Listening on port 40129
1559198525243	Marionette	WARN	TLS certificate errors will be ignored for this session
JavaScript error: resource:///actors/OfflineAppsChild.jsm, line 30: TypeError: manifestURI is null
console.error: BroadcastService: 
  receivedBroadcastMessage: handler for
  remote-settings/monitor_changes
  threw error:
  Message: Error: Polling for changes failed: NetworkError when attempting to fetch resource..
  Stack:
    remoteSettingsFunction/remoteSettings.pollChanges@resource://services-settings/remote-settings.js:190:13

1559198615772	mozrunner::runner	INFO	Running command: "/usr/bin/firefox" "-marionette" "-foreground" "-no-remote" "-profile" "/tmp/rust_mozprofile.6alIMd7XGgmS"
1559198616224	addons.webextension.screenshots@mozilla.org	WARN	Loading extension 'screenshots@mozilla.org': Reading manifest: Invalid extension permission: mozillaAddons
1559198616224	addons.webextension.screenshots@mozilla.org	WARN	Loading extension 'screenshots@mozilla.org': Reading manifest: Invalid extension permission: resource://pdf.js/
1559198616224	addons.webextension.screenshots@mozilla.org	WARN	Loading extension 'screenshots@mozilla.org': Reading manifest: Invalid extension permission: about:reader*
1559198619383	Marionette	INFO	Listening on port 41841
1559198619489	Marionette	WARN	TLS certificate errors will be ignored for this session
JavaScript error: resource:///actors/OfflineAppsChild.jsm, line 30: TypeError: manifestURI is null
console.error: BroadcastService: 
  receivedBroadcastMessage: handler for
  remote-settings/monitor_changes
  threw error:
  Message: Error: Polling for changes failed: NetworkError when attempting to fetch resource..
  Stack:
    remoteSettingsFunction/remoteSettings.pollChanges@resource://services-settings/remote-settings.js:190:13

[Parent 18335, Gecko_IOThread] WARNING: pipe error (78): Connection reset by peer: file /build/firefox-kqTGhi/firefox-66.0.5+build1/ipc/chromium/src/chrome/common/ipc_channel_posix.cc, line 357
[Parent 18335, Gecko_IOThread] WARNING: pipe error (102): Connection reset by peer: file /build/firefox-kqTGhi/firefox-66.0.5+build1/ipc/chromium/src/chrome/common/ipc_channel_posix.cc, line 357
1559198898953	Marionette	INFO	Stopped listening on port 41841
1559248216896	mozrunner::runner	INFO	Running command: "/usr/bin/firefox" "-marionette" "-foreground" "-no-remote" "-profile" "/tmp/rust_mozprofile.IA1VNFgKX9ke"
1559248218017	addons.webextension.screenshots@mozilla.org	WARN	Loading extension 'screenshots@mozilla.org': Reading manifest: Invalid extension permission: mozillaAddons
1559248218017	addons.webextension.screenshots@mozilla.org	WARN	Loading extension 'screenshots@mozilla.org': Reading manifest: Invalid extension permission: resource://pdf.js/
1559248218017	addons.webextension.screenshots@mozilla.org	WARN	Loading extension 'screenshots@mozilla.org': Reading manifest: Invalid extension permission: about:reader*
1559248222435	Marionette	INFO	Listening on port 41375
1559248222527	Marionette	WARN	TLS certificate errors will be ignored for this session
JavaScript error: resource:///actors/OfflineAppsChild.jsm, line 30: TypeError: manifestURI is null
console.error: BroadcastService: 
  receivedBroadcastMessage: handler for
  remote-settings/monitor_changes
  threw error:
  Message: Error: Polling for changes failed: NetworkError when attempting to fetch resource..
  Stack:
    remoteSettingsFunction/remoteSettings.pollChanges@resource://services-settings/remote-settings.js:190:13

[Parent 10015, Gecko_IOThread] WARNING: pipe error (89): Connection reset by peer: file /build/firefox-kqTGhi/firefox-66.0.5+build1/ipc/chromium/src/chrome/common/ipc_channel_posix.cc, line 357
[Parent 10015, Gecko_IOThread] WARNING: pipe error (78): Connection reset by peer: file /build/firefox-kqTGhi/firefox-66.0.5+build1/ipc/chromium/src/chrome/common/ipc_channel_posix.cc, line 357
1559248373377	Marionette	INFO	Stopped listening on port 41375
1559248388228	mozrunner::runner	INFO	Running command: "/usr/bin/firefox" "-marionette" "-foreground" "-no-remote" "-profile" "/tmp/rust_mozprofile.9KSoqWURFWqM"
1559248388649	addons.webextension.screenshots@mozilla.org	WARN	Loading extension 'screenshots@mozilla.org': Reading manifest: Invalid extension permission: mozillaAddons
1559248388650	addons.webextension.screenshots@mozilla.org	WARN	Loading extension 'screenshots@mozilla.org': Reading manifest: Invalid extension permission: resource://pdf.js/
1559248388650	addons.webextension.screenshots@mozilla.org	WARN	Loading extension 'screenshots@mozilla.org': Reading manifest: Invalid extension permission: about:reader*
1559248391816	Marionette	INFO	Listening on port 37449
1559248391852	Marionette	WARN	TLS certificate errors will be ignored for this session
JavaScript error: resource:///actors/OfflineAppsChild.jsm, line 30: TypeError: manifestURI is null
console.error: BroadcastService: 
  receivedBroadcastMessage: handler for
  remote-settings/monitor_changes
  threw error:
  Message: Error: Polling for changes failed: NetworkError when attempting to fetch resource..
  Stack:
    remoteSettingsFunction/remoteSettings.pollChanges@resource://services-settings/remote-settings.js:190:13


###!!! [Child][RunMessage] Error: Channel closing: too late to send/recv, messages will be lost

[Parent 10535, Gecko_IOThread] WARNING: pipe error (78): Connection reset by peer: file /build/firefox-kqTGhi/firefox-66.0.5+build1/ipc/chromium/src/chrome/common/ipc_channel_posix.cc, line 357
[Parent 10535, Gecko_IOThread] WARNING: pipe error (86): Connection reset by peer: file /build/firefox-kqTGhi/firefox-66.0.5+build1/ipc/chromium/src/chrome/common/ipc_channel_posix.cc, line 357
1559249133338	Marionette	INFO	Stopped listening on port 37449
1559252607200	mozrunner::runner	INFO	Running command: "/usr/bin/firefox" "-marionette" "-foreground" "-no-remote" "-profile" "/tmp/rust_mozprofile.bz01sUGzhIwj"
1559252607636	addons.webextension.screenshots@mozilla.org	WARN	Loading extension 'screenshots@mozilla.org': Reading manifest: Invalid extension permission: mozillaAddons
1559252607637	addons.webextension.screenshots@mozilla.org	WARN	Loading extension 'screenshots@mozilla.org': Reading manifest: Invalid extension permission: resource://pdf.js/
1559252607637	addons.webextension.screenshots@mozilla.org	WARN	Loading extension 'screenshots@mozilla.org': Reading manifest: Invalid extension permission: about:reader*
1559252610583	Marionette	INFO	Listening on port 44729
1559252610622	Marionette	WARN	TLS certificate errors will be ignored for this session
JavaScript error: resource:///actors/OfflineAppsChild.jsm, line 30: TypeError: manifestURI is null
console.error: BroadcastService: 
  receivedBroadcastMessage: handler for
  remote-settings/monitor_changes
  threw error:
  Message: Error: Polling for changes failed: NetworkError when attempting to fetch resource..
  Stack:
    remoteSettingsFunction/remoteSettings.pollChanges@resource://services-settings/remote-settings.js:190:13

[Parent 14426, Gecko_IOThread] WARNING: pipe error (86): Connection reset by peer: file /build/firefox-kqTGhi/firefox-66.0.5+build1/ipc/chromium/src/chrome/common/ipc_channel_posix.cc, line 357
[Parent 14426, Gecko_IOThread] WARNING: pipe error (78): Connection reset by peer: file /build/firefox-kqTGhi/firefox-66.0.5+build1/ipc/chromium/src/chrome/common/ipc_channel_posix.cc, line 357
1559252801883	Marionette	INFO	Stopped listening on port 44729
1559252889213	mozrunner::runner	INFO	Running command: "/usr/bin/firefox" "-marionette" "-foreground" "-no-remote" "-profile" "/tmp/rust_mozprofile.c6MdG66J2aDU"
1559252889675	addons.webextension.screenshots@mozilla.org	WARN	Loading extension 'screenshots@mozilla.org': Reading manifest: Invalid extension permission: mozillaAddons
1559252889676	addons.webextension.screenshots@mozilla.org	WARN	Loading extension 'screenshots@mozilla.org': Reading manifest: Invalid extension permission: resource://pdf.js/
1559252889676	addons.webextension.screenshots@mozilla.org	WARN	Loading extension 'screenshots@mozilla.org': Reading manifest: Invalid extension permission: about:reader*
1559252892839	Marionette	INFO	Listening on port 43869
1559252892942	Marionette	WARN	TLS certificate errors will be ignored for this session
JavaScript error: resource:///actors/OfflineAppsChild.jsm, line 30: TypeError: manifestURI is null
[Parent 16488, Gecko_IOThread] WARNING: pipe error (64): Connection reset by peer: file /build/firefox-kqTGhi/firefox-66.0.5+build1/ipc/chromium/src/chrome/common/ipc_channel_posix.cc, line 357
[Parent 16488, Gecko_IOThread] WARNING: pipe error (78): Connection reset by peer: file /build/firefox-kqTGhi/firefox-66.0.5+build1/ipc/chromium/src/chrome/common/ipc_channel_posix.cc, line 357
1559253157686	Marionette	INFO	Stopped listening on port 43869
1559253158925	mozrunner::runner	INFO	Running command: "/usr/bin/firefox" "-marionette" "-foreground" "-no-remote" "-profile" "/tmp/rust_mozprofile.rsgY4K9D0csj"
1559253159379	addons.webextension.screenshots@mozilla.org	WARN	Loading extension 'screenshots@mozilla.org': Reading manifest: Invalid extension permission: mozillaAddons
1559253159380	addons.webextension.screenshots@mozilla.org	WARN	Loading extension 'screenshots@mozilla.org': Reading manifest: Invalid extension permission: resource://pdf.js/
1559253159380	addons.webextension.screenshots@mozilla.org	WARN	Loading extension 'screenshots@mozilla.org': Reading manifest: Invalid extension permission: about:reader*
1559253162519	Marionette	INFO	Listening on port 44775
1559253162574	Marionette	WARN	TLS certificate errors will be ignored for this session
JavaScript error: resource:///actors/OfflineAppsChild.jsm, line 30: TypeError: manifestURI is null
[Parent 18359, Gecko_IOThread] WARNING: pipe error (78): Connection reset by peer: file /build/firefox-kqTGhi/firefox-66.0.5+build1/ipc/chromium/src/chrome/common/ipc_channel_posix.cc, line 357
[Parent 18359, Gecko_IOThread] WARNING: pipe error (95): Connection reset by peer: file /build/firefox-kqTGhi/firefox-66.0.5+build1/ipc/chromium/src/chrome/common/ipc_channel_posix.cc, line 357
1559253425881	Marionette	INFO	Stopped listening on port 44775
1559253431574	mozrunner::runner	INFO	Running command: "/usr/bin/firefox" "-marionette" "-foreground" "-no-remote" "-profile" "/tmp/rust_mozprofile.OEPurDcxzRfa"
1559253431997	addons.webextension.screenshots@mozilla.org	WARN	Loading extension 'screenshots@mozilla.org': Reading manifest: Invalid extension permission: mozillaAddons
1559253431997	addons.webextension.screenshots@mozilla.org	WARN	Loading extension 'screenshots@mozilla.org': Reading manifest: Invalid extension permission: resource://pdf.js/
1559253431997	addons.webextension.screenshots@mozilla.org	WARN	Loading extension 'screenshots@mozilla.org': Reading manifest: Invalid extension permission: about:reader*
1559253435074	Marionette	INFO	Listening on port 44637
1559253435095	Marionette	WARN	TLS certificate errors will be ignored for this session
JavaScript error: resource:///actors/OfflineAppsChild.jsm, line 30: TypeError: manifestURI is null
1559253464716	Marionette	WARN	TimedPromise timed out after 500 ms: stacktrace:
bail@chrome://marionette/content/sync.js:224:64
console.error: BroadcastService: 
  receivedBroadcastMessage: handler for
  remote-settings/monitor_changes
  threw error:
  Message: Error: Polling for changes failed: NetworkError when attempting to fetch resource..
  Stack:
    remoteSettingsFunction/remoteSettings.pollChanges@resource://services-settings/remote-settings.js:190:13

[Parent 20208, Gecko_IOThread] WARNING: pipe error (116): Connection reset by peer: file /build/firefox-kqTGhi/firefox-66.0.5+build1/ipc/chromium/src/chrome/common/ipc_channel_posix.cc, line 357
[Parent 20208, Gecko_IOThread] WARNING: pipe error (78): Connection reset by peer: file /build/firefox-kqTGhi/firefox-66.0.5+build1/ipc/chromium/src/chrome/common/ipc_channel_posix.cc, line 357
1559253586635	Marionette	INFO	Stopped listening on port 44637
1559253600255	mozrunner::runner	INFO	Running command: "/usr/bin/firefox" "-marionette" "-foreground" "-no-remote" "-profile" "/tmp/rust_mozprofile.L6nTHwCkHjvV"
1559253600695	addons.webextension.screenshots@mozilla.org	WARN	Loading extension 'screenshots@mozilla.org': Reading manifest: Invalid extension permission: mozillaAddons
1559253600696	addons.webextension.screenshots@mozilla.org	WARN	Loading extension 'screenshots@mozilla.org': Reading manifest: Invalid extension permission: resource://pdf.js/
1559253600696	addons.webextension.screenshots@mozilla.org	WARN	Loading extension 'screenshots@mozilla.org': Reading manifest: Invalid extension permission: about:reader*
1559253603895	Marionette	INFO	Listening on port 39679
1559253603973	Marionette	WARN	TLS certificate errors will be ignored for this session
JavaScript error: resource:///actors/OfflineAppsChild.jsm, line 30: TypeError: manifestURI is null
1559253634029	Marionette	WARN	TimedPromise timed out after 500 ms: stacktrace:
bail@chrome://marionette/content/sync.js:224:64
[Parent 22068, Gecko_IOThread] WARNING: pipe error (78): Connection reset by peer: file /build/firefox-kqTGhi/firefox-66.0.5+build1/ipc/chromium/src/chrome/common/ipc_channel_posix.cc, line 357
[Parent 22068, Gecko_IOThread] WARNING: pipe error (95): Connection reset by peer: file /build/firefox-kqTGhi/firefox-66.0.5+build1/ipc/chromium/src/chrome/common/ipc_channel_posix.cc, line 357
1559253666153	Marionette	INFO	Stopped listening on port 39679
1559253671429	mozrunner::runner	INFO	Running command: "/usr/bin/firefox" "-marionette" "-foreground" "-no-remote" "-profile" "/tmp/rust_mozprofile.MM464Mb5nC85"
1559253671885	addons.webextension.screenshots@mozilla.org	WARN	Loading extension 'screenshots@mozilla.org': Reading manifest: Invalid extension permission: mozillaAddons
1559253671885	addons.webextension.screenshots@mozilla.org	WARN	Loading extension 'screenshots@mozilla.org': Reading manifest: Invalid extension permission: resource://pdf.js/
1559253671885	addons.webextension.screenshots@mozilla.org	WARN	Loading extension 'screenshots@mozilla.org': Reading manifest: Invalid extension permission: about:reader*
1559253675001	Marionette	INFO	Listening on port 41379
1559253675066	Marionette	WARN	TLS certificate errors will be ignored for this session
JavaScript error: resource:///actors/OfflineAppsChild.jsm, line 30: TypeError: manifestURI is null
1559253714939	Marionette	WARN	TimedPromise timed out after 500 ms: stacktrace:
bail@chrome://marionette/content/sync.js:224:64
[Parent 23775, Gecko_IOThread] WARNING: pipe error (95): Connection reset by peer: file /build/firefox-kqTGhi/firefox-66.0.5+build1/ipc/chromium/src/chrome/common/ipc_channel_posix.cc, line 357
[Parent 23775, Gecko_IOThread] WARNING: pipe error (78): Connection reset by peer: file /build/firefox-kqTGhi/firefox-66.0.5+build1/ipc/chromium/src/chrome/common/ipc_channel_posix.cc, line 357
1559253802205	Marionette	INFO	Stopped listening on port 41379
1559253804810	mozrunner::runner	INFO	Running command: "/usr/bin/firefox" "-marionette" "-foreground" "-no-remote" "-profile" "/tmp/rust_mozprofile.07sn9LQbYf53"
1559253805231	addons.webextension.screenshots@mozilla.org	WARN	Loading extension 'screenshots@mozilla.org': Reading manifest: Invalid extension permission: mozillaAddons
1559253805231	addons.webextension.screenshots@mozilla.org	WARN	Loading extension 'screenshots@mozilla.org': Reading manifest: Invalid extension permission: resource://pdf.js/
1559253805231	addons.webextension.screenshots@mozilla.org	WARN	Loading extension 'screenshots@mozilla.org': Reading manifest: Invalid extension permission: about:reader*
1559253808589	Marionette	INFO	Listening on port 44645
1559253808622	Marionette	WARN	TLS certificate errors will be ignored for this session
JavaScript error: resource:///actors/OfflineAppsChild.jsm, line 30: TypeError: manifestURI is null
console.error: BroadcastService: 
  receivedBroadcastMessage: handler for
  remote-settings/monitor_changes
  threw error:
  Message: Error: Polling for changes failed: NetworkError when attempting to fetch resource..
  Stack:
    remoteSettingsFunction/remoteSettings.pollChanges@resource://services-settings/remote-settings.js:190:13

1559253861243	Marionette	WARN	TimedPromise timed out after 500 ms: stacktrace:
bail@chrome://marionette/content/sync.js:224:64
[Parent 25573, Gecko_IOThread] WARNING: pipe error (78): Connection reset by peer: file /build/firefox-kqTGhi/firefox-66.0.5+build1/ipc/chromium/src/chrome/common/ipc_channel_posix.cc, line 357
[Parent 25573, Gecko_IOThread] WARNING: pipe error (95): Connection reset by peer: file /build/firefox-kqTGhi/firefox-66.0.5+build1/ipc/chromium/src/chrome/common/ipc_channel_posix.cc, line 357
1559253900469	Marionette	INFO	Stopped listening on port 44645
1559253905537	mozrunner::runner	INFO	Running command: "/usr/bin/firefox" "-marionette" "-foreground" "-no-remote" "-profile" "/tmp/rust_mozprofile.RxhsRiQfn4iC"
1559253906073	addons.webextension.screenshots@mozilla.org	WARN	Loading extension 'screenshots@mozilla.org': Reading manifest: Invalid extension permission: mozillaAddons
1559253906073	addons.webextension.screenshots@mozilla.org	WARN	Loading extension 'screenshots@mozilla.org': Reading manifest: Invalid extension permission: resource://pdf.js/
1559253906074	addons.webextension.screenshots@mozilla.org	WARN	Loading extension 'screenshots@mozilla.org': Reading manifest: Invalid extension permission: about:reader*
1559253908847	Marionette	INFO	Listening on port 33759
1559253908860	Marionette	WARN	TLS certificate errors will be ignored for this session
JavaScript error: resource:///actors/OfflineAppsChild.jsm, line 30: TypeError: manifestURI is null
[Parent 27509, Gecko_IOThread] WARNING: pipe error (78): Connection reset by peer: file /build/firefox-kqTGhi/firefox-66.0.5+build1/ipc/chromium/src/chrome/common/ipc_channel_posix.cc, line 357
IPDL protocol error: Handler returned error code!

###!!! [Parent][DispatchAsyncMessage] Error: PLayerTransaction::Msg_ReleaseLayer Processing error: message was deserialized, but the handler returned false (indicating failure)

IPDL protocol error: Handler returned error code!

###!!! [Parent][DispatchAsyncMessage] Error: PLayerTransaction::Msg_ReleaseLayer Processing error: message was deserialized, but the handler returned false (indicating failure)

IPDL protocol error: Handler returned error code!

###!!! [Parent][DispatchAsyncMessage] Error: PLayerTransaction::Msg_ReleaseLayer Processing error: message was deserialized, but the handler returned false (indicating failure)

IPDL protocol error: Handler returned error code!

###!!! [Parent][DispatchAsyncMessage] Error: PLayerTransaction::Msg_ReleaseLayer Processing error: message was deserialized, but the handler returned false (indicating failure)

IPDL protocol error: Handler returned error code!

###!!! [Parent][DispatchAsyncMessage] Error: PLayerTransaction::Msg_ReleaseLayer Processing error: message was deserialized, but the handler returned false (indicating failure)

IPDL protocol error: Handler returned error code!

###!!! [Parent][DispatchAsyncMessage] Error: PLayerTransaction::Msg_ReleaseLayer Processing error: message was deserialized, but the handler returned false (indicating failure)

JavaScript error: https://web.whatsapp.com/vendor2.fbaadbd26c126b1d9058.js, line 29: NS_ERROR_NOT_INITIALIZED: 
[Parent 27509, Gecko_IOThread] WARNING: pipe error (149): Connection reset by peer: file /build/firefox-kqTGhi/firefox-66.0.5+build1/ipc/chromium/src/chrome/common/ipc_channel_posix.cc, line 357
1559253914984	Marionette	INFO	Stopped listening on port 33759
1559253932659	mozrunner::runner	INFO	Running command: "/usr/bin/firefox" "-marionette" "-headless" "-foreground" "-no-remote" "-profile" "/tmp/rust_mozprofile.jzs4ollehZw7"
*** You are running in headless mode.
1559253933041	addons.webextension.screenshots@mozilla.org	WARN	Loading extension 'screenshots@mozilla.org': Reading manifest: Invalid extension permission: mozillaAddons
1559253933042	addons.webextension.screenshots@mozilla.org	WARN	Loading extension 'screenshots@mozilla.org': Reading manifest: Invalid extension permission: resource://pdf.js/
1559253933042	addons.webextension.screenshots@mozilla.org	WARN	Loading extension 'screenshots@mozilla.org': Reading manifest: Invalid extension permission: about:reader*
1559253935911	Marionette	INFO	Listening on port 41901
1559253936022	Marionette	WARN	TLS certificate errors will be ignored for this session
JavaScript error: resource:///actors/OfflineAppsChild.jsm, line 30: TypeError: manifestURI is null
console.error: BroadcastService: 
  receivedBroadcastMessage: handler for
  remote-settings/monitor_changes
  threw error:
  Message: Error: Polling for changes failed: NetworkError when attempting to fetch resource..
  Stack:
    remoteSettingsFunction/remoteSettings.pollChanges@resource://services-settings/remote-settings.js:190:13

1559253983347	Marionette	WARN	TimedPromise timed out after 500 ms: stacktrace:
bail@chrome://marionette/content/sync.js:224:64
1559254367750	mozrunner::runner	INFO	Running command: "/usr/bin/firefox" "-marionette" "-headless" "-foreground" "-no-remote" "-profile" "/tmp/rust_mozprofile.AoYhAmWzfRtg"
*** You are running in headless mode.
1559254368117	addons.webextension.screenshots@mozilla.org	WARN	Loading extension 'screenshots@mozilla.org': Reading manifest: Invalid extension permission: mozillaAddons
1559254368117	addons.webextension.screenshots@mozilla.org	WARN	Loading extension 'screenshots@mozilla.org': Reading manifest: Invalid extension permission: resource://pdf.js/
1559254368117	addons.webextension.screenshots@mozilla.org	WARN	Loading extension 'screenshots@mozilla.org': Reading manifest: Invalid extension permission: about:reader*
1559254371089	Marionette	INFO	Listening on port 39827
1559254371163	Marionette	WARN	TLS certificate errors will be ignored for this session
JavaScript error: resource:///actors/OfflineAppsChild.jsm, line 30: TypeError: manifestURI is null
console.error: BroadcastService: 
  receivedBroadcastMessage: handler for
  remote-settings/monitor_changes
  threw error:
  Message: Error: Polling for changes failed: NetworkError when attempting to fetch resource..
  Stack:
    remoteSettingsFunction/remoteSettings.pollChanges@resource://services-settings/remote-settings.js:190:13

1559282433171	mozrunner::runner	INFO	Running command: "/usr/bin/firefox" "-marionette" "-headless" "-foreground" "-no-remote" "-profile" "/tmp/rust_mozprofile.yhMIqPEPd24Y"
*** You are running in headless mode.
1559282434348	addons.webextension.screenshots@mozilla.org	WARN	Loading extension 'screenshots@mozilla.org': Reading manifest: Invalid extension permission: mozillaAddons
1559282434360	addons.webextension.screenshots@mozilla.org	WARN	Loading extension 'screenshots@mozilla.org': Reading manifest: Invalid extension permission: resource://pdf.js/
1559282434360	addons.webextension.screenshots@mozilla.org	WARN	Loading extension 'screenshots@mozilla.org': Reading manifest: Invalid extension permission: about:reader*
1559282438342	Marionette	INFO	Listening on port 46637
1559282438420	Marionette	WARN	TLS certificate errors will be ignored for this session
JavaScript error: resource:///actors/OfflineAppsChild.jsm, line 30: TypeError: manifestURI is null
console.error: BroadcastService: 
  receivedBroadcastMessage: handler for
  remote-settings/monitor_changes
  threw error:
  Message: Error: Polling for changes failed: NetworkError when attempting to fetch resource..
  Stack:
    remoteSettingsFunction/remoteSettings.pollChanges@resource://services-settings/remote-settings.js:190:13

1559282605179	mozrunner::runner	INFO	Running command: "/usr/bin/firefox" "-marionette" "-headless" "-foreground" "-no-remote" "-profile" "/tmp/rust_mozprofile.OmkgAqDGAnrT"
*** You are running in headless mode.
1559282605559	addons.webextension.screenshots@mozilla.org	WARN	Loading extension 'screenshots@mozilla.org': Reading manifest: Invalid extension permission: mozillaAddons
1559282605559	addons.webextension.screenshots@mozilla.org	WARN	Loading extension 'screenshots@mozilla.org': Reading manifest: Invalid extension permission: resource://pdf.js/
1559282605559	addons.webextension.screenshots@mozilla.org	WARN	Loading extension 'screenshots@mozilla.org': Reading manifest: Invalid extension permission: about:reader*
1559282608322	Marionette	INFO	Listening on port 45467
1559282608426	Marionette	WARN	TLS certificate errors will be ignored for this session
JavaScript error: resource:///actors/OfflineAppsChild.jsm, line 30: TypeError: manifestURI is null
console.error: BroadcastService: 
  receivedBroadcastMessage: handler for
  remote-settings/monitor_changes
  threw error:
  Message: Error: Polling for changes failed: NetworkError when attempting to fetch resource..
  Stack:
    remoteSettingsFunction/remoteSettings.pollChanges@resource://services-settings/remote-settings.js:190:13

1559282696769	mozrunner::runner	INFO	Running command: "/usr/bin/firefox" "-marionette" "-headless" "-foreground" "-no-remote" "-profile" "/tmp/rust_mozprofile.junrbVMPa3D6"
*** You are running in headless mode.
1559282697145	addons.webextension.screenshots@mozilla.org	WARN	Loading extension 'screenshots@mozilla.org': Reading manifest: Invalid extension permission: mozillaAddons
1559282697145	addons.webextension.screenshots@mozilla.org	WARN	Loading extension 'screenshots@mozilla.org': Reading manifest: Invalid extension permission: resource://pdf.js/
1559282697145	addons.webextension.screenshots@mozilla.org	WARN	Loading extension 'screenshots@mozilla.org': Reading manifest: Invalid extension permission: about:reader*
1559282700115	Marionette	INFO	Listening on port 43907
1559282700203	Marionette	WARN	TLS certificate errors will be ignored for this session
JavaScript error: resource:///actors/OfflineAppsChild.jsm, line 30: TypeError: manifestURI is null
console.error: BroadcastService: 
  receivedBroadcastMessage: handler for
  remote-settings/monitor_changes
  threw error:
  Message: Error: Polling for changes failed: NetworkError when attempting to fetch resource..
  Stack:
    remoteSettingsFunction/remoteSettings.pollChanges@resource://services-settings/remote-settings.js:190:13

1559282796585	mozrunner::runner	INFO	Running command: "/usr/bin/firefox" "-marionette" "-headless" "-foreground" "-no-remote" "-profile" "/tmp/rust_mozprofile.h91a6sAaqjY1"
*** You are running in headless mode.
1559282796972	addons.webextension.screenshots@mozilla.org	WARN	Loading extension 'screenshots@mozilla.org': Reading manifest: Invalid extension permission: mozillaAddons
1559282796972	addons.webextension.screenshots@mozilla.org	WARN	Loading extension 'screenshots@mozilla.org': Reading manifest: Invalid extension permission: resource://pdf.js/
1559282796972	addons.webextension.screenshots@mozilla.org	WARN	Loading extension 'screenshots@mozilla.org': Reading manifest: Invalid extension permission: about:reader*
1559282799890	Marionette	INFO	Listening on port 39369
1559282799906	Marionette	WARN	TLS certificate errors will be ignored for this session
JavaScript error: resource:///actors/OfflineAppsChild.jsm, line 30: TypeError: manifestURI is null
console.error: BroadcastService: 
  receivedBroadcastMessage: handler for
  remote-settings/monitor_changes
  threw error:
  Message: Error: Polling for changes failed: NetworkError when attempting to fetch resource..
  Stack:
    remoteSettingsFunction/remoteSettings.pollChanges@resource://services-settings/remote-settings.js:190:13

1559282896092	mozrunner::runner	INFO	Running command: "/usr/bin/firefox" "-marionette" "-headless" "-foreground" "-no-remote" "-profile" "/tmp/rust_mozprofile.wR02UippXQPD"
*** You are running in headless mode.
1559282896509	addons.webextension.screenshots@mozilla.org	WARN	Loading extension 'screenshots@mozilla.org': Reading manifest: Invalid extension permission: mozillaAddons
1559282896509	addons.webextension.screenshots@mozilla.org	WARN	Loading extension 'screenshots@mozilla.org': Reading manifest: Invalid extension permission: resource://pdf.js/
1559282896509	addons.webextension.screenshots@mozilla.org	WARN	Loading extension 'screenshots@mozilla.org': Reading manifest: Invalid extension permission: about:reader*
1559282899341	Marionette	INFO	Listening on port 33619
1559282899448	Marionette	WARN	TLS certificate errors will be ignored for this session
JavaScript error: resource:///actors/OfflineAppsChild.jsm, line 30: TypeError: manifestURI is null
console.error: BroadcastService: 
  receivedBroadcastMessage: handler for
  remote-settings/monitor_changes
  threw error:
  Message: Error: Polling for changes failed: NetworkError when attempting to fetch resource..
  Stack:
    remoteSettingsFunction/remoteSettings.pollChanges@resource://services-settings/remote-settings.js:190:13

1559283329809	mozrunner::runner	INFO	Running command: "/usr/bin/firefox" "-marionette" "-headless" "-foreground" "-no-remote" "-profile" "/tmp/rust_mozprofile.W2qJ4y3YPmUB"
*** You are running in headless mode.
1559283330205	addons.webextension.screenshots@mozilla.org	WARN	Loading extension 'screenshots@mozilla.org': Reading manifest: Invalid extension permission: mozillaAddons
1559283330205	addons.webextension.screenshots@mozilla.org	WARN	Loading extension 'screenshots@mozilla.org': Reading manifest: Invalid extension permission: resource://pdf.js/
1559283330205	addons.webextension.screenshots@mozilla.org	WARN	Loading extension 'screenshots@mozilla.org': Reading manifest: Invalid extension permission: about:reader*
1559283332971	Marionette	INFO	Listening on port 34147
1559283333041	Marionette	WARN	TLS certificate errors will be ignored for this session
JavaScript error: resource:///actors/OfflineAppsChild.jsm, line 30: TypeError: manifestURI is null
console.error: BroadcastService: 
  receivedBroadcastMessage: handler for
  remote-settings/monitor_changes
  threw error:
  Message: Error: Polling for changes failed: NetworkError when attempting to fetch resource..
  Stack:
    remoteSettingsFunction/remoteSettings.pollChanges@resource://services-settings/remote-settings.js:190:13

1559283403057	mozrunner::runner	INFO	Running command: "/usr/bin/firefox" "-marionette" "-headless" "-foreground" "-no-remote" "-profile" "/tmp/rust_mozprofile.FiRD8NIFTIIR"
*** You are running in headless mode.
1559283403453	addons.webextension.screenshots@mozilla.org	WARN	Loading extension 'screenshots@mozilla.org': Reading manifest: Invalid extension permission: mozillaAddons
1559283403453	addons.webextension.screenshots@mozilla.org	WARN	Loading extension 'screenshots@mozilla.org': Reading manifest: Invalid extension permission: resource://pdf.js/
1559283403454	addons.webextension.screenshots@mozilla.org	WARN	Loading extension 'screenshots@mozilla.org': Reading manifest: Invalid extension permission: about:reader*
1559283406228	Marionette	INFO	Listening on port 39975
1559283406345	Marionette	WARN	TLS certificate errors will be ignored for this session
JavaScript error: resource:///actors/OfflineAppsChild.jsm, line 30: TypeError: manifestURI is null
console.error: BroadcastService: 
  receivedBroadcastMessage: handler for
  remote-settings/monitor_changes
  threw error:
  Message: Error: Polling for changes failed: NetworkError when attempting to fetch resource..
  Stack:
    remoteSettingsFunction/remoteSettings.pollChanges@resource://services-settings/remote-settings.js:190:13

1559283497083	mozrunner::runner	INFO	Running command: "/usr/bin/firefox" "-marionette" "-headless" "-foreground" "-no-remote" "-profile" "/tmp/rust_mozprofile.oKlQPKH4FdJv"
*** You are running in headless mode.
1559283497462	addons.webextension.screenshots@mozilla.org	WARN	Loading extension 'screenshots@mozilla.org': Reading manifest: Invalid extension permission: mozillaAddons
1559283497463	addons.webextension.screenshots@mozilla.org	WARN	Loading extension 'screenshots@mozilla.org': Reading manifest: Invalid extension permission: resource://pdf.js/
1559283497463	addons.webextension.screenshots@mozilla.org	WARN	Loading extension 'screenshots@mozilla.org': Reading manifest: Invalid extension permission: about:reader*
1559283500294	Marionette	INFO	Listening on port 42501
1559283500319	Marionette	WARN	TLS certificate errors will be ignored for this session
JavaScript error: resource:///actors/OfflineAppsChild.jsm, line 30: TypeError: manifestURI is null
console.error: BroadcastService: 
  receivedBroadcastMessage: handler for
  remote-settings/monitor_changes
  threw error:
  Message: Error: Polling for changes failed: NetworkError when attempting to fetch resource..
  Stack:
    remoteSettingsFunction/remoteSettings.pollChanges@resource://services-settings/remote-settings.js:190:13

1559283752343	mozrunner::runner	INFO	Running command: "/usr/bin/firefox" "-marionette" "-headless" "-foreground" "-no-remote" "-profile" "/tmp/rust_mozprofile.1dWXOTeNj1kM"
*** You are running in headless mode.
1559283752726	addons.webextension.screenshots@mozilla.org	WARN	Loading extension 'screenshots@mozilla.org': Reading manifest: Invalid extension permission: mozillaAddons
1559283752726	addons.webextension.screenshots@mozilla.org	WARN	Loading extension 'screenshots@mozilla.org': Reading manifest: Invalid extension permission: resource://pdf.js/
1559283752726	addons.webextension.screenshots@mozilla.org	WARN	Loading extension 'screenshots@mozilla.org': Reading manifest: Invalid extension permission: about:reader*
1559283755698	Marionette	INFO	Listening on port 43531
1559283755770	Marionette	WARN	TLS certificate errors will be ignored for this session
JavaScript error: resource:///actors/OfflineAppsChild.jsm, line 30: TypeError: manifestURI is null
console.error: BroadcastService: 
  receivedBroadcastMessage: handler for
  remote-settings/monitor_changes
  threw error:
  Message: Error: Polling for changes failed: NetworkError when attempting to fetch resource..
  Stack:
    remoteSettingsFunction/remoteSettings.pollChanges@resource://services-settings/remote-settings.js:190:13

1559284073215	mozrunner::runner	INFO	Running command: "/usr/bin/firefox" "-marionette" "-headless" "-foreground" "-no-remote" "-profile" "/tmp/rust_mozprofile.BCBEvcx6rJJ3"
*** You are running in headless mode.
1559284073635	addons.webextension.screenshots@mozilla.org	WARN	Loading extension 'screenshots@mozilla.org': Reading manifest: Invalid extension permission: mozillaAddons
1559284073635	addons.webextension.screenshots@mozilla.org	WARN	Loading extension 'screenshots@mozilla.org': Reading manifest: Invalid extension permission: resource://pdf.js/
1559284073635	addons.webextension.screenshots@mozilla.org	WARN	Loading extension 'screenshots@mozilla.org': Reading manifest: Invalid extension permission: about:reader*
1559284076654	Marionette	INFO	Listening on port 45169
1559284076743	Marionette	WARN	TLS certificate errors will be ignored for this session
JavaScript error: resource:///actors/OfflineAppsChild.jsm, line 30: TypeError: manifestURI is null
console.error: BroadcastService: 
  receivedBroadcastMessage: handler for
  remote-settings/monitor_changes
  threw error:
  Message: Error: Polling for changes failed: NetworkError when attempting to fetch resource..
  Stack:
    remoteSettingsFunction/remoteSettings.pollChanges@resource://services-settings/remote-settings.js:190:13

1559284186514	mozrunner::runner	INFO	Running command: "/usr/bin/firefox" "-marionette" "-headless" "-foreground" "-no-remote" "-profile" "/tmp/rust_mozprofile.w426vVecC8As"
*** You are running in headless mode.
1559284186915	addons.webextension.screenshots@mozilla.org	WARN	Loading extension 'screenshots@mozilla.org': Reading manifest: Invalid extension permission: mozillaAddons
1559284186916	addons.webextension.screenshots@mozilla.org	WARN	Loading extension 'screenshots@mozilla.org': Reading manifest: Invalid extension permission: resource://pdf.js/
1559284186916	addons.webextension.screenshots@mozilla.org	WARN	Loading extension 'screenshots@mozilla.org': Reading manifest: Invalid extension permission: about:reader*
1559284189860	Marionette	INFO	Listening on port 44461
1559284189949	Marionette	WARN	TLS certificate errors will be ignored for this session
JavaScript error: resource:///actors/OfflineAppsChild.jsm, line 30: TypeError: manifestURI is null
console.error: BroadcastService: 
  receivedBroadcastMessage: handler for
  remote-settings/monitor_changes
  threw error:
  Message: Error: Polling for changes failed: NetworkError when attempting to fetch resource..
  Stack:
    remoteSettingsFunction/remoteSettings.pollChanges@resource://services-settings/remote-settings.js:190:13

1559285269378	mozrunner::runner	INFO	Running command: "/usr/bin/firefox" "-marionette" "-headless" "-foreground" "-no-remote" "-profile" "/tmp/rust_mozprofile.HPi9dT5TpV7x"
*** You are running in headless mode.
1559285269776	addons.webextension.screenshots@mozilla.org	WARN	Loading extension 'screenshots@mozilla.org': Reading manifest: Invalid extension permission: mozillaAddons
1559285269776	addons.webextension.screenshots@mozilla.org	WARN	Loading extension 'screenshots@mozilla.org': Reading manifest: Invalid extension permission: resource://pdf.js/
1559285269777	addons.webextension.screenshots@mozilla.org	WARN	Loading extension 'screenshots@mozilla.org': Reading manifest: Invalid extension permission: about:reader*
1559285272468	Marionette	INFO	Listening on port 44895
1559285272508	Marionette	WARN	TLS certificate errors will be ignored for this session
JavaScript error: resource:///actors/OfflineAppsChild.jsm, line 30: TypeError: manifestURI is null
console.error: BroadcastService: 
  receivedBroadcastMessage: handler for
  remote-settings/monitor_changes
  threw error:
  Message: Error: Polling for changes failed: NetworkError when attempting to fetch resource..
  Stack:
    remoteSettingsFunction/remoteSettings.pollChanges@resource://services-settings/remote-settings.js:190:13

1559285322240	mozrunner::runner	INFO	Running command: "/usr/bin/firefox" "-marionette" "-headless" "-foreground" "-no-remote" "-profile" "/tmp/rust_mozprofile.eIUSjtq2eTIH"
*** You are running in headless mode.
1559285322633	addons.webextension.screenshots@mozilla.org	WARN	Loading extension 'screenshots@mozilla.org': Reading manifest: Invalid extension permission: mozillaAddons
1559285322633	addons.webextension.screenshots@mozilla.org	WARN	Loading extension 'screenshots@mozilla.org': Reading manifest: Invalid extension permission: resource://pdf.js/
1559285322633	addons.webextension.screenshots@mozilla.org	WARN	Loading extension 'screenshots@mozilla.org': Reading manifest: Invalid extension permission: about:reader*
1559285325695	Marionette	INFO	Listening on port 34749
1559285325758	Marionette	WARN	TLS certificate errors will be ignored for this session
JavaScript error: resource:///actors/OfflineAppsChild.jsm, line 30: TypeError: manifestURI is null
console.error: BroadcastService: 
  receivedBroadcastMessage: handler for
  remote-settings/monitor_changes
  threw error:
  Message: Error: Polling for changes failed: NetworkError when attempting to fetch resource..
  Stack:
    remoteSettingsFunction/remoteSettings.pollChanges@resource://services-settings/remote-settings.js:190:13

1559285419553	mozrunner::runner	INFO	Running command: "/usr/bin/firefox" "-marionette" "-headless" "-foreground" "-no-remote" "-profile" "/tmp/rust_mozprofile.K6yPovpvasLM"
*** You are running in headless mode.
1559285419955	addons.webextension.screenshots@mozilla.org	WARN	Loading extension 'screenshots@mozilla.org': Reading manifest: Invalid extension permission: mozillaAddons
1559285419956	addons.webextension.screenshots@mozilla.org	WARN	Loading extension 'screenshots@mozilla.org': Reading manifest: Invalid extension permission: resource://pdf.js/
1559285419956	addons.webextension.screenshots@mozilla.org	WARN	Loading extension 'screenshots@mozilla.org': Reading manifest: Invalid extension permission: about:reader*
1559285422984	Marionette	INFO	Listening on port 44211
1559285423078	Marionette	WARN	TLS certificate errors will be ignored for this session
JavaScript error: resource:///actors/OfflineAppsChild.jsm, line 30: TypeError: manifestURI is null
console.error: BroadcastService: 
  receivedBroadcastMessage: handler for
  remote-settings/monitor_changes
  threw error:
  Message: Error: Polling for changes failed: NetworkError when attempting to fetch resource..
  Stack:
    remoteSettingsFunction/remoteSettings.pollChanges@resource://services-settings/remote-settings.js:190:13

1559285659916	mozrunner::runner	INFO	Running command: "/usr/bin/firefox" "-marionette" "-headless" "-foreground" "-no-remote" "-profile" "/tmp/rust_mozprofile.MWfhEV8MYlGh"
*** You are running in headless mode.
1559285660475	addons.webextension.screenshots@mozilla.org	WARN	Loading extension 'screenshots@mozilla.org': Reading manifest: Invalid extension permission: mozillaAddons
1559285660476	addons.webextension.screenshots@mozilla.org	WARN	Loading extension 'screenshots@mozilla.org': Reading manifest: Invalid extension permission: resource://pdf.js/
1559285660476	addons.webextension.screenshots@mozilla.org	WARN	Loading extension 'screenshots@mozilla.org': Reading manifest: Invalid extension permission: about:reader*
1559285663307	Marionette	INFO	Listening on port 40271
1559285663408	Marionette	WARN	TLS certificate errors will be ignored for this session
JavaScript error: resource:///actors/OfflineAppsChild.jsm, line 30: TypeError: manifestURI is null
console.error: BroadcastService: 
  receivedBroadcastMessage: handler for
  remote-settings/monitor_changes
  threw error:
  Message: Error: Polling for changes failed: NetworkError when attempting to fetch resource..
  Stack:
    remoteSettingsFunction/remoteSettings.pollChanges@resource://services-settings/remote-settings.js:190:13

1559285979491	mozrunner::runner	INFO	Running command: "/usr/bin/firefox" "-marionette" "-headless" "-foreground" "-no-remote" "-profile" "/tmp/rust_mozprofile.xFJeYySF5ydC"
*** You are running in headless mode.
1559285979979	addons.webextension.screenshots@mozilla.org	WARN	Loading extension 'screenshots@mozilla.org': Reading manifest: Invalid extension permission: mozillaAddons
1559285980011	addons.webextension.screenshots@mozilla.org	WARN	Loading extension 'screenshots@mozilla.org': Reading manifest: Invalid extension permission: resource://pdf.js/
1559285980026	addons.webextension.screenshots@mozilla.org	WARN	Loading extension 'screenshots@mozilla.org': Reading manifest: Invalid extension permission: about:reader*
1559285983849	Marionette	INFO	Listening on port 44687
1559285983931	Marionette	WARN	TLS certificate errors will be ignored for this session
JavaScript error: resource:///actors/OfflineAppsChild.jsm, line 30: TypeError: manifestURI is null
console.error: BroadcastService: 
  receivedBroadcastMessage: handler for
  remote-settings/monitor_changes
  threw error:
  Message: Error: Polling for changes failed: NetworkError when attempting to fetch resource..
  Stack:
    remoteSettingsFunction/remoteSettings.pollChanges@resource://services-settings/remote-settings.js:190:13

1559286144019	mozrunner::runner	INFO	Running command: "/usr/bin/firefox" "-marionette" "-headless" "-foreground" "-no-remote" "-profile" "/tmp/rust_mozprofile.p0JPxWiCVhi2"
*** You are running in headless mode.
1559286144447	addons.webextension.screenshots@mozilla.org	WARN	Loading extension 'screenshots@mozilla.org': Reading manifest: Invalid extension permission: mozillaAddons
1559286144448	addons.webextension.screenshots@mozilla.org	WARN	Loading extension 'screenshots@mozilla.org': Reading manifest: Invalid extension permission: resource://pdf.js/
1559286144448	addons.webextension.screenshots@mozilla.org	WARN	Loading extension 'screenshots@mozilla.org': Reading manifest: Invalid extension permission: about:reader*
1559286147688	Marionette	INFO	Listening on port 37169
1559286147733	Marionette	WARN	TLS certificate errors will be ignored for this session
JavaScript error: resource:///actors/OfflineAppsChild.jsm, line 30: TypeError: manifestURI is null
console.error: BroadcastService: 
  receivedBroadcastMessage: handler for
  remote-settings/monitor_changes
  threw error:
  Message: Error: Polling for changes failed: NetworkError when attempting to fetch resource..
  Stack:
    remoteSettingsFunction/remoteSettings.pollChanges@resource://services-settings/remote-settings.js:190:13

1559286358066	mozrunner::runner	INFO	Running command: "/usr/bin/firefox" "-marionette" "-headless" "-foreground" "-no-remote" "-profile" "/tmp/rust_mozprofile.D7kpp1ki8VIc"
*** You are running in headless mode.
1559286358503	addons.webextension.screenshots@mozilla.org	WARN	Loading extension 'screenshots@mozilla.org': Reading manifest: Invalid extension permission: mozillaAddons
1559286358504	addons.webextension.screenshots@mozilla.org	WARN	Loading extension 'screenshots@mozilla.org': Reading manifest: Invalid extension permission: resource://pdf.js/
1559286358504	addons.webextension.screenshots@mozilla.org	WARN	Loading extension 'screenshots@mozilla.org': Reading manifest: Invalid extension permission: about:reader*
1559286361271	Marionette	INFO	Listening on port 38495
1559286361281	Marionette	WARN	TLS certificate errors will be ignored for this session
JavaScript error: resource:///actors/OfflineAppsChild.jsm, line 30: TypeError: manifestURI is null
console.error: BroadcastService: 
  receivedBroadcastMessage: handler for
  remote-settings/monitor_changes
  threw error:
  Message: Error: Polling for changes failed: NetworkError when attempting to fetch resource..
  Stack:
    remoteSettingsFunction/remoteSettings.pollChanges@resource://services-settings/remote-settings.js:190:13

1559286465554	mozrunner::runner	INFO	Running command: "/usr/bin/firefox" "-marionette" "-headless" "-foreground" "-no-remote" "-profile" "/tmp/rust_mozprofile.5fhr90XDQuSB"
*** You are running in headless mode.
1559286466255	addons.webextension.screenshots@mozilla.org	WARN	Loading extension 'screenshots@mozilla.org': Reading manifest: Invalid extension permission: mozillaAddons
1559286466255	addons.webextension.screenshots@mozilla.org	WARN	Loading extension 'screenshots@mozilla.org': Reading manifest: Invalid extension permission: resource://pdf.js/
1559286466255	addons.webextension.screenshots@mozilla.org	WARN	Loading extension 'screenshots@mozilla.org': Reading manifest: Invalid extension permission: about:reader*
1559286469460	Marionette	INFO	Listening on port 37161
1559286469500	Marionette	WARN	TLS certificate errors will be ignored for this session
JavaScript error: resource:///actors/OfflineAppsChild.jsm, line 30: TypeError: manifestURI is null
console.error: BroadcastService: 
  receivedBroadcastMessage: handler for
  remote-settings/monitor_changes
  threw error:
  Message: Error: Polling for changes failed: NetworkError when attempting to fetch resource..
  Stack:
    remoteSettingsFunction/remoteSettings.pollChanges@resource://services-settings/remote-settings.js:190:13

1559288832333	mozrunner::runner	INFO	Running command: "/usr/bin/firefox" "-marionette" "-headless" "-foreground" "-no-remote" "-profile" "/tmp/rust_mozprofile.cvIaxym125Vn"
*** You are running in headless mode.
1559288836594	addons.webextension.screenshots@mozilla.org	WARN	Loading extension 'screenshots@mozilla.org': Reading manifest: Invalid extension permission: mozillaAddons
1559288836632	addons.webextension.screenshots@mozilla.org	WARN	Loading extension 'screenshots@mozilla.org': Reading manifest: Invalid extension permission: resource://pdf.js/
1559288836632	addons.webextension.screenshots@mozilla.org	WARN	Loading extension 'screenshots@mozilla.org': Reading manifest: Invalid extension permission: about:reader*
1559288844956	Marionette	INFO	Listening on port 44847
1559288845090	Marionette	WARN	TLS certificate errors will be ignored for this session
JavaScript error: resource:///actors/OfflineAppsChild.jsm, line 30: TypeError: manifestURI is null
console.error: BroadcastService: 
  receivedBroadcastMessage: handler for
  remote-settings/monitor_changes
  threw error:
  Message: Error: Polling for changes failed: NetworkError when attempting to fetch resource..
  Stack:
    remoteSettingsFunction/remoteSettings.pollChanges@resource://services-settings/remote-settings.js:190:13

1559289077268	mozrunner::runner	INFO	Running command: "/usr/bin/firefox" "-marionette" "-headless" "-foreground" "-no-remote" "-profile" "/tmp/rust_mozprofile.46r3yFAbrARQ"
*** You are running in headless mode.
1559289082605	addons.webextension.screenshots@mozilla.org	WARN	Loading extension 'screenshots@mozilla.org': Reading manifest: Invalid extension permission: mozillaAddons
1559289082623	addons.webextension.screenshots@mozilla.org	WARN	Loading extension 'screenshots@mozilla.org': Reading manifest: Invalid extension permission: resource://pdf.js/
1559289082623	addons.webextension.screenshots@mozilla.org	WARN	Loading extension 'screenshots@mozilla.org': Reading manifest: Invalid extension permission: about:reader*
1559289092118	Marionette	INFO	Listening on port 36501
1559289092341	Marionette	WARN	TLS certificate errors will be ignored for this session
console.error: BroadcastService: 
  receivedBroadcastMessage: handler for
  remote-settings/monitor_changes
  threw error:
  Message: Error: Polling for changes failed: NetworkError when attempting to fetch resource..
  Stack:
    remoteSettingsFunction/remoteSettings.pollChanges@resource://services-settings/remote-settings.js:190:13

JavaScript error: resource:///actors/OfflineAppsChild.jsm, line 30: TypeError: manifestURI is null
1559289662575	mozrunner::runner	INFO	Running command: "/usr/bin/firefox" "-marionette" "-headless" "-foreground" "-no-remote" "-profile" "/tmp/rust_mozprofile.DKsEplXEazJU"
*** You are running in headless mode.
1559289670793	addons.webextension.screenshots@mozilla.org	WARN	Loading extension 'screenshots@mozilla.org': Reading manifest: Invalid extension permission: mozillaAddons
1559289670793	addons.webextension.screenshots@mozilla.org	WARN	Loading extension 'screenshots@mozilla.org': Reading manifest: Invalid extension permission: resource://pdf.js/
1559289670793	addons.webextension.screenshots@mozilla.org	WARN	Loading extension 'screenshots@mozilla.org': Reading manifest: Invalid extension permission: about:reader*
1559289679728	Marionette	INFO	Listening on port 34795
1559289679844	Marionette	WARN	TLS certificate errors will be ignored for this session
JavaScript error: resource:///actors/OfflineAppsChild.jsm, line 30: TypeError: manifestURI is null
console.error: BroadcastService: 
  receivedBroadcastMessage: handler for
  remote-settings/monitor_changes
  threw error:
  Message: Error: Polling for changes failed: NetworkError when attempting to fetch resource..
  Stack:
    remoteSettingsFunction/remoteSettings.pollChanges@resource://services-settings/remote-settings.js:190:13

1559292179543	mozrunner::runner	INFO	Running command: "/usr/bin/firefox" "-marionette" "-headless" "-foreground" "-no-remote" "-profile" "/tmp/rust_mozprofile.PaP8QyKxDbHb"
*** You are running in headless mode.
1559292180564	addons.webextension.screenshots@mozilla.org	WARN	Loading extension 'screenshots@mozilla.org': Reading manifest: Invalid extension permission: mozillaAddons
1559292180565	addons.webextension.screenshots@mozilla.org	WARN	Loading extension 'screenshots@mozilla.org': Reading manifest: Invalid extension permission: resource://pdf.js/
1559292180565	addons.webextension.screenshots@mozilla.org	WARN	Loading extension 'screenshots@mozilla.org': Reading manifest: Invalid extension permission: about:reader*
1559292185140	Marionette	INFO	Listening on port 35421
1559292185203	Marionette	WARN	TLS certificate errors will be ignored for this session
JavaScript error: resource:///actors/OfflineAppsChild.jsm, line 30: TypeError: manifestURI is null
console.error: BroadcastService: 
  receivedBroadcastMessage: handler for
  remote-settings/monitor_changes
  threw error:
  Message: Error: Polling for changes failed: NetworkError when attempting to fetch resource..
  Stack:
    remoteSettingsFunction/remoteSettings.pollChanges@resource://services-settings/remote-settings.js:190:13

1559292595286	mozrunner::runner	INFO	Running command: "/usr/bin/firefox" "-marionette" "-headless" "-foreground" "-no-remote" "-profile" "/tmp/rust_mozprofile.ioZlrLwPgY2i"
*** You are running in headless mode.
1559292595826	addons.webextension.screenshots@mozilla.org	WARN	Loading extension 'screenshots@mozilla.org': Reading manifest: Invalid extension permission: mozillaAddons
1559292595827	addons.webextension.screenshots@mozilla.org	WARN	Loading extension 'screenshots@mozilla.org': Reading manifest: Invalid extension permission: resource://pdf.js/
1559292595827	addons.webextension.screenshots@mozilla.org	WARN	Loading extension 'screenshots@mozilla.org': Reading manifest: Invalid extension permission: about:reader*
1559292599557	Marionette	INFO	Listening on port 46473
1559292599667	Marionette	WARN	TLS certificate errors will be ignored for this session
JavaScript error: resource:///actors/OfflineAppsChild.jsm, line 30: TypeError: manifestURI is null
console.error: BroadcastService: 
  receivedBroadcastMessage: handler for
  remote-settings/monitor_changes
  threw error:
  Message: Error: Polling for changes failed: NetworkError when attempting to fetch resource..
  Stack:
    remoteSettingsFunction/remoteSettings.pollChanges@resource://services-settings/remote-settings.js:190:13

1559292704339	mozrunner::runner	INFO	Running command: "/usr/bin/firefox" "-marionette" "-headless" "-foreground" "-no-remote" "-profile" "/tmp/rust_mozprofile.YE7uz2fBb1ZB"
*** You are running in headless mode.
1559292704850	addons.webextension.screenshots@mozilla.org	WARN	Loading extension 'screenshots@mozilla.org': Reading manifest: Invalid extension permission: mozillaAddons
1559292704850	addons.webextension.screenshots@mozilla.org	WARN	Loading extension 'screenshots@mozilla.org': Reading manifest: Invalid extension permission: resource://pdf.js/
1559292704850	addons.webextension.screenshots@mozilla.org	WARN	Loading extension 'screenshots@mozilla.org': Reading manifest: Invalid extension permission: about:reader*
1559292708203	Marionette	INFO	Listening on port 35371
1559292708266	Marionette	WARN	TLS certificate errors will be ignored for this session
JavaScript error: resource:///actors/OfflineAppsChild.jsm, line 30: TypeError: manifestURI is null
console.error: BroadcastService: 
  receivedBroadcastMessage: handler for
  remote-settings/monitor_changes
  threw error:
  Message: Error: Polling for changes failed: NetworkError when attempting to fetch resource..
  Stack:
    remoteSettingsFunction/remoteSettings.pollChanges@resource://services-settings/remote-settings.js:190:13

1559293027686	mozrunner::runner	INFO	Running command: "/usr/bin/firefox" "-marionette" "-headless" "-foreground" "-no-remote" "-profile" "/tmp/rust_mozprofile.IDFjoQoE7p91"
*** You are running in headless mode.
1559293028212	addons.webextension.screenshots@mozilla.org	WARN	Loading extension 'screenshots@mozilla.org': Reading manifest: Invalid extension permission: mozillaAddons
1559293028213	addons.webextension.screenshots@mozilla.org	WARN	Loading extension 'screenshots@mozilla.org': Reading manifest: Invalid extension permission: resource://pdf.js/
1559293028213	addons.webextension.screenshots@mozilla.org	WARN	Loading extension 'screenshots@mozilla.org': Reading manifest: Invalid extension permission: about:reader*
1559293031740	Marionette	INFO	Listening on port 36565
1559293031809	Marionette	WARN	TLS certificate errors will be ignored for this session
JavaScript error: resource:///actors/OfflineAppsChild.jsm, line 30: TypeError: manifestURI is null
console.error: BroadcastService: 
  receivedBroadcastMessage: handler for
  remote-settings/monitor_changes
  threw error:
  Message: Error: Polling for changes failed: NetworkError when attempting to fetch resource..
  Stack:
    remoteSettingsFunction/remoteSettings.pollChanges@resource://services-settings/remote-settings.js:190:13

1559293118980	Marionette	INFO	Stopped listening on port 36565
[Parent 9338, Gecko_IOThread] WARNING: pipe error (66): Connection reset by peer: file /build/firefox-kqTGhi/firefox-66.0.5+build1/ipc/chromium/src/chrome/common/ipc_channel_posix.cc, line 357
1559293399782	mozrunner::runner	INFO	Running command: "/usr/bin/firefox" "-marionette" "-headless" "-foreground" "-no-remote" "-profile" "/tmp/rust_mozprofile.64pquptp2xU2"
*** You are running in headless mode.
1559293400361	addons.webextension.screenshots@mozilla.org	WARN	Loading extension 'screenshots@mozilla.org': Reading manifest: Invalid extension permission: mozillaAddons
1559293400362	addons.webextension.screenshots@mozilla.org	WARN	Loading extension 'screenshots@mozilla.org': Reading manifest: Invalid extension permission: resource://pdf.js/
1559293400362	addons.webextension.screenshots@mozilla.org	WARN	Loading extension 'screenshots@mozilla.org': Reading manifest: Invalid extension permission: about:reader*
1559293404010	Marionette	INFO	Listening on port 38963
1559293404109	Marionette	WARN	TLS certificate errors will be ignored for this session
JavaScript error: resource:///actors/OfflineAppsChild.jsm, line 30: TypeError: manifestURI is null
console.error: BroadcastService: 
  receivedBroadcastMessage: handler for
  remote-settings/monitor_changes
  threw error:
  Message: Error: Polling for changes failed: NetworkError when attempting to fetch resource..
  Stack:
    remoteSettingsFunction/remoteSettings.pollChanges@resource://services-settings/remote-settings.js:190:13

1559293531916	Marionette	INFO	Stopped listening on port 38963
[Parent 11521, Gecko_IOThread] WARNING: pipe error (66): Connection reset by peer: file /build/firefox-kqTGhi/firefox-66.0.5+build1/ipc/chromium/src/chrome/common/ipc_channel_posix.cc, line 357
1559294052801	mozrunner::runner	INFO	Running command: "/usr/bin/firefox" "-marionette" "-headless" "-foreground" "-no-remote" "-profile" "/tmp/rust_mozprofile.mfZZ7YJ6xSKa"
*** You are running in headless mode.
1559294053387	addons.webextension.screenshots@mozilla.org	WARN	Loading extension 'screenshots@mozilla.org': Reading manifest: Invalid extension permission: mozillaAddons
1559294053388	addons.webextension.screenshots@mozilla.org	WARN	Loading extension 'screenshots@mozilla.org': Reading manifest: Invalid extension permission: resource://pdf.js/
1559294053388	addons.webextension.screenshots@mozilla.org	WARN	Loading extension 'screenshots@mozilla.org': Reading manifest: Invalid extension permission: about:reader*
1559294056891	Marionette	INFO	Listening on port 34233
1559294056977	Marionette	WARN	TLS certificate errors will be ignored for this session
JavaScript error: resource:///actors/OfflineAppsChild.jsm, line 30: TypeError: manifestURI is null
console.error: BroadcastService: 
  receivedBroadcastMessage: handler for
  remote-settings/monitor_changes
  threw error:
  Message: Error: Polling for changes failed: NetworkError when attempting to fetch resource..
  Stack:
    remoteSettingsFunction/remoteSettings.pollChanges@resource://services-settings/remote-settings.js:190:13

1559294145498	Marionette	INFO	Stopped listening on port 34233
[Parent 13594, Gecko_IOThread] WARNING: pipe error (66): Connection reset by peer: file /build/firefox-kqTGhi/firefox-66.0.5+build1/ipc/chromium/src/chrome/common/ipc_channel_posix.cc, line 357
1559713311526	mozrunner::runner	INFO	Running command: "/usr/bin/firefox" "-marionette" "-headless" "-foreground" "-no-remote" "-profile" "/tmp/rust_mozprofile.7nHDWUIH7krP"
*** You are running in headless mode.
1559713312721	addons.webextension.screenshots@mozilla.org	WARN	Loading extension 'screenshots@mozilla.org': Reading manifest: Invalid extension permission: mozillaAddons
1559713312722	addons.webextension.screenshots@mozilla.org	WARN	Loading extension 'screenshots@mozilla.org': Reading manifest: Invalid extension permission: resource://pdf.js/
1559713312722	addons.webextension.screenshots@mozilla.org	WARN	Loading extension 'screenshots@mozilla.org': Reading manifest: Invalid extension permission: about:reader*
1559713316999	Marionette	INFO	Listening on port 41987
1559713317086	Marionette	WARN	TLS certificate errors will be ignored for this session
JavaScript error: resource:///actors/OfflineAppsChild.jsm, line 30: TypeError: manifestURI is null
console.error: BroadcastService: 
  receivedBroadcastMessage: handler for
  remote-settings/monitor_changes
  threw error:
  Message: Error: Polling for changes failed: NetworkError when attempting to fetch resource..
  Stack:
    remoteSettingsFunction/remoteSettings.pollChanges@resource://services-settings/remote-settings.js:190:13

1559713497700	Marionette	INFO	Stopped listening on port 41987
[Parent 4528, Gecko_IOThread] WARNING: pipe error (66): Connection reset by peer: file /build/firefox-kqTGhi/firefox-66.0.5+build1/ipc/chromium/src/chrome/common/ipc_channel_posix.cc, line 357
1559714176825	mozrunner::runner	INFO	Running command: "/usr/bin/firefox" "-marionette" "-headless" "-foreground" "-no-remote" "-profile" "/tmp/rust_mozprofile.aTOdMY6oDplX"
*** You are running in headless mode.
1559714177205	addons.webextension.screenshots@mozilla.org	WARN	Loading extension 'screenshots@mozilla.org': Reading manifest: Invalid extension permission: mozillaAddons
1559714177205	addons.webextension.screenshots@mozilla.org	WARN	Loading extension 'screenshots@mozilla.org': Reading manifest: Invalid extension permission: resource://pdf.js/
1559714177205	addons.webextension.screenshots@mozilla.org	WARN	Loading extension 'screenshots@mozilla.org': Reading manifest: Invalid extension permission: about:reader*
1559714180811	Marionette	INFO	Listening on port 37675
1559714180846	Marionette	WARN	TLS certificate errors will be ignored for this session
JavaScript error: resource:///actors/OfflineAppsChild.jsm, line 30: TypeError: manifestURI is null
console.error: BroadcastService: 
  receivedBroadcastMessage: handler for
  remote-settings/monitor_changes
  threw error:
  Message: Error: Polling for changes failed: NetworkError when attempting to fetch resource..
  Stack:
    remoteSettingsFunction/remoteSettings.pollChanges@resource://services-settings/remote-settings.js:190:13

1559714404026	mozrunner::runner	INFO	Running command: "/usr/bin/firefox" "-marionette" "-headless" "-foreground" "-no-remote" "-profile" "/tmp/rust_mozprofile.z5f3ujGzBvQp"
*** You are running in headless mode.
1559714405018	addons.webextension.screenshots@mozilla.org	WARN	Loading extension 'screenshots@mozilla.org': Reading manifest: Invalid extension permission: mozillaAddons
1559714405018	addons.webextension.screenshots@mozilla.org	WARN	Loading extension 'screenshots@mozilla.org': Reading manifest: Invalid extension permission: resource://pdf.js/
1559714405018	addons.webextension.screenshots@mozilla.org	WARN	Loading extension 'screenshots@mozilla.org': Reading manifest: Invalid extension permission: about:reader*
1559714407937	Marionette	INFO	Listening on port 39657
1559714408041	Marionette	WARN	TLS certificate errors will be ignored for this session
JavaScript error: resource:///actors/OfflineAppsChild.jsm, line 30: TypeError: manifestURI is null
console.error: BroadcastService: 
  receivedBroadcastMessage: handler for
  remote-settings/monitor_changes
  threw error:
  Message: Error: Polling for changes failed: NetworkError when attempting to fetch resource..
  Stack:
    remoteSettingsFunction/remoteSettings.pollChanges@resource://services-settings/remote-settings.js:190:13

1559714567854	Marionette	INFO	Stopped listening on port 39657
[Parent 9332, Gecko_IOThread] WARNING: pipe error (66): Connection reset by peer: file /build/firefox-kqTGhi/firefox-66.0.5+build1/ipc/chromium/src/chrome/common/ipc_channel_posix.cc, line 357
